0 info it worked if it ends with ok
1 verbose cli [ '/usr/local/bin/node', '/usr/local/bin/npm', 'link' ]
2 info using npm@2.7.4
3 info using node@v0.12.2
4 verbose node symlink /usr/local/bin/node
5 verbose linkPkg /Users/smoeller/Repos/github/togajs/gulp-toga
6 verbose stack Error: ENOENT, open '/Users/smoeller/Repos/github/togajs/gulp-toga/package.json'
6 verbose stack     at Error (native)
7 verbose cwd /Users/smoeller/Repos/github/togajs/gulp-toga
8 error Darwin 14.3.0
9 error argv "/usr/local/bin/node" "/usr/local/bin/npm" "link"
10 error node v0.12.2
11 error npm  v2.7.4
12 error path /Users/smoeller/Repos/github/togajs/gulp-toga/package.json
13 error code ENOENT
14 error errno -2
15 error enoent ENOENT, open '/Users/smoeller/Repos/github/togajs/gulp-toga/package.json'
15 error enoent This is most likely not a problem with npm itself
15 error enoent and is related to npm not being able to find a file.
16 verbose exit [ -2, true ]
